2025-10-29T20:29:12.664-07:00  INFO 8382 --- [Vehicle-OOPS] [main] com.synex.VehicleOopsApplicationTests    : Starting VehicleOopsApplicationTests using Java 21.0.6 with PID 8382 (started by sravya in /Users/sravya/Documents/spring-microservices-workspace/Vehicle-OOPS)
2025-10-29T20:29:12.666-07:00 DEBUG 8382 --- [Vehicle-OOPS] [main] com.synex.VehicleOopsApplicationTests    : Running with Spring Boot v3.5.6, Spring v6.2.11
2025-10-29T20:29:12.666-07:00  INFO 8382 --- [Vehicle-OOPS] [main] com.synex.VehicleOopsApplicationTests    : No active profile set, falling back to 1 default profile: "default"
2025-10-29T20:29:12.967-07:00  INFO 8382 --- [Vehicle-OOPS] [main] .s.d.r.c.RepositoryConfigurationDelegate : Bootstrapping Spring Data JPA repositories in DEFAULT mode.
2025-10-29T20:29:12.992-07:00  INFO 8382 --- [Vehicle-OOPS] [main] .s.d.r.c.RepositoryConfigurationDelegate : Finished Spring Data repository scanning in 20 ms. Found 1 JPA repository interface.
2025-10-29T20:29:13.208-07:00  INFO 8382 --- [Vehicle-OOPS] [main] o.hibernate.jpa.internal.util.LogHelper  : HHH000204: Processing PersistenceUnitInfo [name: default]
2025-10-29T20:29:13.238-07:00  INFO 8382 --- [Vehicle-OOPS] [main] org.hibernate.Version                    : HHH000412: Hibernate ORM core version 6.6.29.Final
2025-10-29T20:29:13.255-07:00  INFO 8382 --- [Vehicle-OOPS] [main] o.h.c.internal.RegionFactoryInitiator    : HHH000026: Second-level cache disabled
2025-10-29T20:29:13.396-07:00  INFO 8382 --- [Vehicle-OOPS] [main] o.s.o.j.p.SpringPersistenceUnitInfo      : No LoadTimeWeaver setup: ignoring JPA class transformer
2025-10-29T20:29:13.410-07:00  INFO 8382 --- [Vehicle-OOPS] [main] com.zaxxer.hikari.HikariDataSource       : HikariPool-1 - Starting...
2025-10-29T20:29:13.501-07:00  INFO 8382 --- [Vehicle-OOPS] [main] com.zaxxer.hikari.pool.HikariPool        : HikariPool-1 - Added connection conn0: url=jdbc:h2:mem:vehdb user=SA
2025-10-29T20:29:13.502-07:00  INFO 8382 --- [Vehicle-OOPS] [main] com.zaxxer.hikari.HikariDataSource       : HikariPool-1 - Start completed.
2025-10-29T20:29:13.532-07:00  INFO 8382 --- [Vehicle-OOPS] [main] org.hibernate.orm.connections.pooling    : HHH10001005: Database info:
	Database JDBC URL [Connecting through datasource 'HikariDataSource (HikariPool-1)']
	Database driver: undefined/unknown
	Database version: 2.3.232
	Autocommit mode: undefined/unknown
	Isolation level: undefined/unknown
	Minimum pool size: undefined/unknown
	Maximum pool size: undefined/unknown
2025-10-29T20:29:13.931-07:00  INFO 8382 --- [Vehicle-OOPS] [main] o.h.e.t.j.p.i.JtaPlatformInitiator       : HHH000489: No JTA platform available (set 'hibernate.transaction.jta.platform' to enable JTA platform integration)
2025-10-29T20:29:13.959-07:00  INFO 8382 --- [Vehicle-OOPS] [main] j.LocalContainerEntityManagerFactoryBean : Initialized JPA EntityManagerFactory for persistence unit 'default'
2025-10-29T20:29:14.165-07:00  WARN 8382 --- [Vehicle-OOPS] [main] JpaBaseConfiguration$JpaWebConfiguration : spring.jpa.open-in-view is enabled by default. Therefore, database queries may be performed during view rendering. Explicitly configure spring.jpa.open-in-view to disable this warning
2025-10-29T20:29:14.303-07:00  INFO 8382 --- [Vehicle-OOPS] [main] o.s.b.a.h2.H2ConsoleAutoConfiguration    : H2 console available at '/h2-console'. Database available at 'jdbc:h2:mem:vehdb'
2025-10-29T20:29:14.331-07:00  INFO 8382 --- [Vehicle-OOPS] [main] com.synex.VehicleOopsApplicationTests    : Started VehicleOopsApplicationTests in 1.839 seconds (process running for 2.301)
2025-10-29T20:29:14.522-07:00  INFO 8382 --- [Vehicle-OOPS] [main] com.synex.VehicleOopsApplication         : Seeding initial data
2025-10-29T20:29:14.541-07:00  INFO 8382 --- [Vehicle-OOPS] [main] com.synex.VehicleOopsApplication         : Seeded 4 vehicles
2025-10-29T20:29:15.023-07:00  INFO 8382 --- [Vehicle-OOPS] [SpringApplicationShutdownHook] j.LocalContainerEntityManagerFactoryBean : Closing JPA EntityManagerFactory for persistence unit 'default'
2025-10-29T20:29:15.025-07:00  INFO 8382 --- [Vehicle-OOPS] [SpringApplicationShutdownHook] com.zaxxer.hikari.HikariDataSource       : HikariPool-1 - Shutdown initiated...
2025-10-29T20:29:15.026-07:00  INFO 8382 --- [Vehicle-OOPS] [SpringApplicationShutdownHook] com.zaxxer.hikari.HikariDataSource       : HikariPool-1 - Shutdown completed.
2025-10-29T20:29:33.228-07:00  INFO 8417 --- [Vehicle-OOPS] [restartedMain] com.synex.VehicleOopsApplication         : Starting VehicleOopsApplication using Java 21.0.6 with PID 8417 (/Users/sravya/Documents/spring-microservices-workspace/Vehicle-OOPS/target/classes started by sravya in /Users/sravya/Documents/spring-microservices-workspace/Vehicle-OOPS)
2025-10-29T20:29:33.229-07:00 DEBUG 8417 --- [Vehicle-OOPS] [restartedMain] com.synex.VehicleOopsApplication         : Running with Spring Boot v3.5.6, Spring v6.2.11
2025-10-29T20:29:33.229-07:00  INFO 8417 --- [Vehicle-OOPS] [restartedMain] com.synex.VehicleOopsApplication         : No active profile set, falling back to 1 default profile: "default"
2025-10-29T20:29:33.247-07:00  INFO 8417 --- [Vehicle-OOPS] [restartedMain] .e.DevToolsPropertyDefaultsPostProcessor : Devtools property defaults active! Set 'spring.devtools.add-properties' to 'false' to disable
2025-10-29T20:29:33.248-07:00  INFO 8417 --- [Vehicle-OOPS] [restartedMain] .e.DevToolsPropertyDefaultsPostProcessor : For additional web related logging consider setting the 'logging.level.web' property to 'DEBUG'
2025-10-29T20:29:33.512-07:00  INFO 8417 --- [Vehicle-OOPS] [restartedMain] .s.d.r.c.RepositoryConfigurationDelegate : Bootstrapping Spring Data JPA repositories in DEFAULT mode.
2025-10-29T20:29:33.536-07:00  INFO 8417 --- [Vehicle-OOPS] [restartedMain] .s.d.r.c.RepositoryConfigurationDelegate : Finished Spring Data repository scanning in 20 ms. Found 1 JPA repository interface.
2025-10-29T20:29:33.766-07:00  INFO 8417 --- [Vehicle-OOPS] [restartedMain] o.s.b.w.embedded.tomcat.TomcatWebServer  : Tomcat initialized with port 8080 (http)
2025-10-29T20:29:33.773-07:00  INFO 8417 --- [Vehicle-OOPS] [restartedMain] o.apache.catalina.core.StandardService   : Starting service [Tomcat]
2025-10-29T20:29:33.774-07:00  INFO 8417 --- [Vehicle-OOPS] [restartedMain] o.apache.catalina.core.StandardEngine    : Starting Servlet engine: [Apache Tomcat/10.1.46]
2025-10-29T20:29:33.791-07:00  INFO 8417 --- [Vehicle-OOPS] [restartedMain] o.a.c.c.C.[Tomcat].[localhost].[/]       : Initializing Spring embedded WebApplicationContext
2025-10-29T20:29:33.791-07:00  INFO 8417 --- [Vehicle-OOPS] [restartedMain] w.s.c.ServletWebServerApplicationContext : Root WebApplicationContext: initialization completed in 543 ms
2025-10-29T20:29:33.871-07:00  INFO 8417 --- [Vehicle-OOPS] [restartedMain] o.hibernate.jpa.internal.util.LogHelper  : HHH000204: Processing PersistenceUnitInfo [name: default]
2025-10-29T20:29:33.898-07:00  INFO 8417 --- [Vehicle-OOPS] [restartedMain] org.hibernate.Version                    : HHH000412: Hibernate ORM core version 6.6.29.Final
2025-10-29T20:29:33.913-07:00  INFO 8417 --- [Vehicle-OOPS] [restartedMain] o.h.c.internal.RegionFactoryInitiator    : HHH000026: Second-level cache disabled
2025-10-29T20:29:34.041-07:00  INFO 8417 --- [Vehicle-OOPS] [restartedMain] o.s.o.j.p.SpringPersistenceUnitInfo      : No LoadTimeWeaver setup: ignoring JPA class transformer
2025-10-29T20:29:34.055-07:00  INFO 8417 --- [Vehicle-OOPS] [restartedMain] com.zaxxer.hikari.HikariDataSource       : HikariPool-1 - Starting...
2025-10-29T20:29:34.145-07:00  INFO 8417 --- [Vehicle-OOPS] [restartedMain] com.zaxxer.hikari.pool.HikariPool        : HikariPool-1 - Added connection conn0: url=jdbc:h2:mem:vehdb user=SA
2025-10-29T20:29:34.145-07:00  INFO 8417 --- [Vehicle-OOPS] [restartedMain] com.zaxxer.hikari.HikariDataSource       : HikariPool-1 - Start completed.
2025-10-29T20:29:34.176-07:00  INFO 8417 --- [Vehicle-OOPS] [restartedMain] org.hibernate.orm.connections.pooling    : HHH10001005: Database info:
	Database JDBC URL [Connecting through datasource 'HikariDataSource (HikariPool-1)']
	Database driver: undefined/unknown
	Database version: 2.3.232
	Autocommit mode: undefined/unknown
	Isolation level: undefined/unknown
	Minimum pool size: undefined/unknown
	Maximum pool size: undefined/unknown
2025-10-29T20:29:34.535-07:00  INFO 8417 --- [Vehicle-OOPS] [restartedMain] o.h.e.t.j.p.i.JtaPlatformInitiator       : HHH000489: No JTA platform available (set 'hibernate.transaction.jta.platform' to enable JTA platform integration)
2025-10-29T20:29:34.563-07:00  INFO 8417 --- [Vehicle-OOPS] [restartedMain] j.LocalContainerEntityManagerFactoryBean : Initialized JPA EntityManagerFactory for persistence unit 'default'
2025-10-29T20:29:34.728-07:00  WARN 8417 --- [Vehicle-OOPS] [restartedMain] JpaBaseConfiguration$JpaWebConfiguration : spring.jpa.open-in-view is enabled by default. Therefore, database queries may be performed during view rendering. Explicitly configure spring.jpa.open-in-view to disable this warning
2025-10-29T20:29:34.852-07:00  INFO 8417 --- [Vehicle-OOPS] [restartedMain] o.s.b.a.h2.H2ConsoleAutoConfiguration    : H2 console available at '/h2-console'. Database available at 'jdbc:h2:mem:vehdb'
2025-10-29T20:29:34.880-07:00  INFO 8417 --- [Vehicle-OOPS] [restartedMain] o.s.b.d.a.OptionalLiveReloadServer       : LiveReload server is running on port 35729
2025-10-29T20:29:34.901-07:00  INFO 8417 --- [Vehicle-OOPS] [restartedMain] o.s.b.w.embedded.tomcat.TomcatWebServer  : Tomcat started on port 8080 (http) with context path '/'
2025-10-29T20:29:34.907-07:00  INFO 8417 --- [Vehicle-OOPS] [restartedMain] com.synex.VehicleOopsApplication         : Started VehicleOopsApplication in 1.87 seconds (process running for 2.231)
2025-10-29T20:29:35.083-07:00  INFO 8417 --- [Vehicle-OOPS] [restartedMain] com.synex.VehicleOopsApplication         : Seeding initial data
2025-10-29T20:29:35.103-07:00  INFO 8417 --- [Vehicle-OOPS] [restartedMain] com.synex.VehicleOopsApplication         : Seeded 4 vehicles
2025-10-29T20:35:55.406-07:00  INFO 8417 --- [Vehicle-OOPS] [File Watcher] rtingClassPathChangeChangedEventListener : Restarting due to 1 class path change (1 addition, 0 deletions, 0 modifications)
2025-10-29T20:35:55.416-07:00  INFO 8417 --- [Vehicle-OOPS] [Thread-5] o.s.b.w.e.tomcat.GracefulShutdown        : Commencing graceful shutdown. Waiting for active requests to complete
2025-10-29T20:35:55.429-07:00  INFO 8417 --- [Vehicle-OOPS] [tomcat-shutdown] o.s.b.w.e.tomcat.GracefulShutdown        : Graceful shutdown complete
2025-10-29T20:35:55.433-07:00  INFO 8417 --- [Vehicle-OOPS] [Thread-5] j.LocalContainerEntityManagerFactoryBean : Closing JPA EntityManagerFactory for persistence unit 'default'
2025-10-29T20:35:55.441-07:00  WARN 8417 --- [Vehicle-OOPS] [Thread-5] o.s.b.f.support.DisposableBeanAdapter    : Invocation of destroy method failed on bean with name 'inMemoryDatabaseShutdownExecutor': org.h2.jdbc.JdbcSQLNonTransientConnectionException: Database is already closed (to disable automatic closing at VM shutdown, add ";DB_CLOSE_ON_EXIT=FALSE" to the db URL) [90121-232]
2025-10-29T20:35:55.442-07:00  INFO 8417 --- [Vehicle-OOPS] [Thread-5] com.zaxxer.hikari.HikariDataSource       : HikariPool-1 - Shutdown initiated...
2025-10-29T20:35:55.443-07:00  INFO 8417 --- [Vehicle-OOPS] [Thread-5] com.zaxxer.hikari.HikariDataSource       : HikariPool-1 - Shutdown completed.
2025-10-29T20:35:55.513-07:00  INFO 8417 --- [Vehicle-OOPS] [restartedMain] com.synex.VehicleOopsApplication         : Starting VehicleOopsApplication using Java 21.0.6 with PID 8417 (/Users/sravya/Documents/spring-microservices-workspace/Vehicle-OOPS/target/classes started by sravya in /Users/sravya/Documents/spring-microservices-workspace/Vehicle-OOPS)
2025-10-29T20:35:55.513-07:00 DEBUG 8417 --- [Vehicle-OOPS] [restartedMain] com.synex.VehicleOopsApplication         : Running with Spring Boot v3.5.6, Spring v6.2.11
2025-10-29T20:35:55.513-07:00  INFO 8417 --- [Vehicle-OOPS] [restartedMain] com.synex.VehicleOopsApplication         : No active profile set, falling back to 1 default profile: "default"
2025-10-29T20:35:55.594-07:00  INFO 8417 --- [Vehicle-OOPS] [restartedMain] .s.d.r.c.RepositoryConfigurationDelegate : Bootstrapping Spring Data JPA repositories in DEFAULT mode.
2025-10-29T20:35:55.601-07:00  INFO 8417 --- [Vehicle-OOPS] [restartedMain] .s.d.r.c.RepositoryConfigurationDelegate : Finished Spring Data repository scanning in 5 ms. Found 1 JPA repository interface.
2025-10-29T20:35:55.666-07:00  INFO 8417 --- [Vehicle-OOPS] [restartedMain] o.s.b.w.embedded.tomcat.TomcatWebServer  : Tomcat initialized with port 8080 (http)
2025-10-29T20:35:55.668-07:00  INFO 8417 --- [Vehicle-OOPS] [restartedMain] o.apache.catalina.core.StandardService   : Starting service [Tomcat]
2025-10-29T20:35:55.668-07:00  INFO 8417 --- [Vehicle-OOPS] [restartedMain] o.apache.catalina.core.StandardEngine    : Starting Servlet engine: [Apache Tomcat/10.1.46]
2025-10-29T20:35:55.673-07:00  INFO 8417 --- [Vehicle-OOPS] [restartedMain] o.a.c.c.C.[Tomcat].[localhost].[/]       : Initializing Spring embedded WebApplicationContext
2025-10-29T20:35:55.673-07:00  INFO 8417 --- [Vehicle-OOPS] [restartedMain] w.s.c.ServletWebServerApplicationContext : Root WebApplicationContext: initialization completed in 158 ms
2025-10-29T20:35:55.695-07:00  INFO 8417 --- [Vehicle-OOPS] [restartedMain] o.hibernate.jpa.internal.util.LogHelper  : HHH000204: Processing PersistenceUnitInfo [name: default]
2025-10-29T20:35:55.696-07:00  INFO 8417 --- [Vehicle-OOPS] [restartedMain] o.h.c.internal.RegionFactoryInitiator    : HHH000026: Second-level cache disabled
2025-10-29T20:35:55.700-07:00  INFO 8417 --- [Vehicle-OOPS] [restartedMain] o.s.o.j.p.SpringPersistenceUnitInfo      : No LoadTimeWeaver setup: ignoring JPA class transformer
2025-10-29T20:35:55.701-07:00  INFO 8417 --- [Vehicle-OOPS] [restartedMain] com.zaxxer.hikari.HikariDataSource       : HikariPool-2 - Starting...
2025-10-29T20:35:55.703-07:00  INFO 8417 --- [Vehicle-OOPS] [restartedMain] com.zaxxer.hikari.pool.HikariPool        : HikariPool-2 - Added connection conn10: url=jdbc:h2:mem:vehdb user=SA
2025-10-29T20:35:55.703-07:00  INFO 8417 --- [Vehicle-OOPS] [restartedMain] com.zaxxer.hikari.HikariDataSource       : HikariPool-2 - Start completed.
2025-10-29T20:35:55.703-07:00  INFO 8417 --- [Vehicle-OOPS] [restartedMain] org.hibernate.orm.connections.pooling    : HHH10001005: Database info:
	Database JDBC URL [Connecting through datasource 'HikariDataSource (HikariPool-2)']
	Database driver: undefined/unknown
	Database version: 2.3.232
	Autocommit mode: undefined/unknown
	Isolation level: undefined/unknown
	Minimum pool size: undefined/unknown
	Maximum pool size: undefined/unknown
2025-10-29T20:35:55.743-07:00  INFO 8417 --- [Vehicle-OOPS] [restartedMain] o.h.e.t.j.p.i.JtaPlatformInitiator       : HHH000489: No JTA platform available (set 'hibernate.transaction.jta.platform' to enable JTA platform integration)
2025-10-29T20:35:55.746-07:00  INFO 8417 --- [Vehicle-OOPS] [restartedMain] j.LocalContainerEntityManagerFactoryBean : Initialized JPA EntityManagerFactory for persistence unit 'default'
2025-10-29T20:35:55.784-07:00  WARN 8417 --- [Vehicle-OOPS] [restartedMain] JpaBaseConfiguration$JpaWebConfiguration : spring.jpa.open-in-view is enabled by default. Therefore, database queries may be performed during view rendering. Explicitly configure spring.jpa.open-in-view to disable this warning
2025-10-29T20:35:55.829-07:00  INFO 8417 --- [Vehicle-OOPS] [restartedMain] o.s.b.a.h2.H2ConsoleAutoConfiguration    : H2 console available at '/h2-console'. Database available at 'jdbc:h2:mem:vehdb'
2025-10-29T20:35:55.839-07:00  INFO 8417 --- [Vehicle-OOPS] [restartedMain] o.s.b.d.a.OptionalLiveReloadServer       : LiveReload server is running on port 35729
2025-10-29T20:35:55.845-07:00  INFO 8417 --- [Vehicle-OOPS] [restartedMain] o.s.b.w.embedded.tomcat.TomcatWebServer  : Tomcat started on port 8080 (http) with context path '/'
2025-10-29T20:35:55.848-07:00  INFO 8417 --- [Vehicle-OOPS] [restartedMain] com.synex.VehicleOopsApplication         : Started VehicleOopsApplication in 0.348 seconds (process running for 383.169)
2025-10-29T20:35:55.851-07:00  INFO 8417 --- [Vehicle-OOPS] [restartedMain] com.synex.VehicleOopsApplication         : Seeding initial data
2025-10-29T20:35:55.854-07:00  INFO 8417 --- [Vehicle-OOPS] [restartedMain] com.synex.VehicleOopsApplication         : Seeded 4 vehicles
2025-10-29T20:35:55.855-07:00  INFO 8417 --- [Vehicle-OOPS] [restartedMain] .ConditionEvaluationDeltaLoggingListener : Condition evaluation unchanged
2025-10-29T20:36:43.693-07:00  INFO 8417 --- [Vehicle-OOPS] [File Watcher] rtingClassPathChangeChangedEventListener : Restarting due to 1 class path change (0 additions, 0 deletions, 1 modification)
2025-10-29T20:36:43.702-07:00  INFO 8417 --- [Vehicle-OOPS] [Thread-7] o.s.b.w.e.tomcat.GracefulShutdown        : Commencing graceful shutdown. Waiting for active requests to complete
2025-10-29T20:36:43.705-07:00  INFO 8417 --- [Vehicle-OOPS] [tomcat-shutdown] o.s.b.w.e.tomcat.GracefulShutdown        : Graceful shutdown complete
2025-10-29T20:36:43.707-07:00  INFO 8417 --- [Vehicle-OOPS] [Thread-7] j.LocalContainerEntityManagerFactoryBean : Closing JPA EntityManagerFactory for persistence unit 'default'
2025-10-29T20:36:43.711-07:00  WARN 8417 --- [Vehicle-OOPS] [Thread-7] o.s.b.f.support.DisposableBeanAdapter    : Invocation of destroy method failed on bean with name 'inMemoryDatabaseShutdownExecutor': org.h2.jdbc.JdbcSQLNonTransientConnectionException: Database is already closed (to disable automatic closing at VM shutdown, add ";DB_CLOSE_ON_EXIT=FALSE" to the db URL) [90121-232]
2025-10-29T20:36:43.711-07:00  INFO 8417 --- [Vehicle-OOPS] [Thread-7] com.zaxxer.hikari.HikariDataSource       : HikariPool-2 - Shutdown initiated...
2025-10-29T20:36:43.712-07:00  INFO 8417 --- [Vehicle-OOPS] [Thread-7] com.zaxxer.hikari.HikariDataSource       : HikariPool-2 - Shutdown completed.
2025-10-29T20:36:43.812-07:00  INFO 8417 --- [Vehicle-OOPS] [restartedMain] com.synex.VehicleOopsApplication         : Starting VehicleOopsApplication using Java 21.0.6 with PID 8417 (/Users/sravya/Documents/spring-microservices-workspace/Vehicle-OOPS/target/classes started by sravya in /Users/sravya/Documents/spring-microservices-workspace/Vehicle-OOPS)
2025-10-29T20:36:43.813-07:00 DEBUG 8417 --- [Vehicle-OOPS] [restartedMain] com.synex.VehicleOopsApplication         : Running with Spring Boot v3.5.6, Spring v6.2.11
2025-10-29T20:36:43.813-07:00  INFO 8417 --- [Vehicle-OOPS] [restartedMain] com.synex.VehicleOopsApplication         : No active profile set, falling back to 1 default profile: "default"
2025-10-29T20:36:44.072-07:00  INFO 8417 --- [Vehicle-OOPS] [restartedMain] .s.d.r.c.RepositoryConfigurationDelegate : Bootstrapping Spring Data JPA repositories in DEFAULT mode.
2025-10-29T20:36:44.099-07:00  INFO 8417 --- [Vehicle-OOPS] [restartedMain] .s.d.r.c.RepositoryConfigurationDelegate : Finished Spring Data repository scanning in 19 ms. Found 1 JPA repository interface.
2025-10-29T20:36:44.193-07:00  INFO 8417 --- [Vehicle-OOPS] [restartedMain] o.s.b.w.embedded.tomcat.TomcatWebServer  : Tomcat initialized with port 8080 (http)
2025-10-29T20:36:44.193-07:00  INFO 8417 --- [Vehicle-OOPS] [restartedMain] o.apache.catalina.core.StandardService   : Starting service [Tomcat]
2025-10-29T20:36:44.193-07:00  INFO 8417 --- [Vehicle-OOPS] [restartedMain] o.apache.catalina.core.StandardEngine    : Starting Servlet engine: [Apache Tomcat/10.1.46]
2025-10-29T20:36:44.203-07:00  INFO 8417 --- [Vehicle-OOPS] [restartedMain] o.a.c.c.C.[Tomcat].[localhost].[/]       : Initializing Spring embedded WebApplicationContext
2025-10-29T20:36:44.203-07:00  INFO 8417 --- [Vehicle-OOPS] [restartedMain] w.s.c.ServletWebServerApplicationContext : Root WebApplicationContext: initialization completed in 390 ms
2025-10-29T20:36:44.226-07:00  INFO 8417 --- [Vehicle-OOPS] [restartedMain] o.hibernate.jpa.internal.util.LogHelper  : HHH000204: Processing PersistenceUnitInfo [name: default]
2025-10-29T20:36:44.227-07:00  INFO 8417 --- [Vehicle-OOPS] [restartedMain] o.h.c.internal.RegionFactoryInitiator    : HHH000026: Second-level cache disabled
2025-10-29T20:36:44.233-07:00  INFO 8417 --- [Vehicle-OOPS] [restartedMain] o.s.o.j.p.SpringPersistenceUnitInfo      : No LoadTimeWeaver setup: ignoring JPA class transformer
2025-10-29T20:36:44.233-07:00  INFO 8417 --- [Vehicle-OOPS] [restartedMain] com.zaxxer.hikari.HikariDataSource       : HikariPool-3 - Starting...
2025-10-29T20:36:44.236-07:00  INFO 8417 --- [Vehicle-OOPS] [restartedMain] com.zaxxer.hikari.pool.HikariPool        : HikariPool-3 - Added connection conn20: url=jdbc:h2:mem:vehdb user=SA
2025-10-29T20:36:44.237-07:00  INFO 8417 --- [Vehicle-OOPS] [restartedMain] com.zaxxer.hikari.HikariDataSource       : HikariPool-3 - Start completed.
2025-10-29T20:36:44.237-07:00  INFO 8417 --- [Vehicle-OOPS] [restartedMain] org.hibernate.orm.connections.pooling    : HHH10001005: Database info:
	Database JDBC URL [Connecting through datasource 'HikariDataSource (HikariPool-3)']
	Database driver: undefined/unknown
	Database version: 2.3.232
	Autocommit mode: undefined/unknown
	Isolation level: undefined/unknown
	Minimum pool size: undefined/unknown
	Maximum pool size: undefined/unknown
2025-10-29T20:36:44.281-07:00  INFO 8417 --- [Vehicle-OOPS] [restartedMain] o.h.e.t.j.p.i.JtaPlatformInitiator       : HHH000489: No JTA platform available (set 'hibernate.transaction.jta.platform' to enable JTA platform integration)
2025-10-29T20:36:44.282-07:00  INFO 8417 --- [Vehicle-OOPS] [restartedMain] j.LocalContainerEntityManagerFactoryBean : Initialized JPA EntityManagerFactory for persistence unit 'default'
2025-10-29T20:36:44.322-07:00  WARN 8417 --- [Vehicle-OOPS] [restartedMain] JpaBaseConfiguration$JpaWebConfiguration : spring.jpa.open-in-view is enabled by default. Therefore, database queries may be performed during view rendering. Explicitly configure spring.jpa.open-in-view to disable this warning
2025-10-29T20:36:44.364-07:00  INFO 8417 --- [Vehicle-OOPS] [restartedMain] o.s.b.a.h2.H2ConsoleAutoConfiguration    : H2 console available at '/h2-console'. Database available at 'jdbc:h2:mem:vehdb'
2025-10-29T20:36:44.370-07:00  INFO 8417 --- [Vehicle-OOPS] [restartedMain] o.s.b.d.a.OptionalLiveReloadServer       : LiveReload server is running on port 35729
2025-10-29T20:36:44.377-07:00  INFO 8417 --- [Vehicle-OOPS] [restartedMain] o.s.b.w.embedded.tomcat.TomcatWebServer  : Tomcat started on port 8080 (http) with context path '/'
2025-10-29T20:36:44.379-07:00  INFO 8417 --- [Vehicle-OOPS] [restartedMain] com.synex.VehicleOopsApplication         : Started VehicleOopsApplication in 0.579 seconds (process running for 431.7)
2025-10-29T20:36:44.382-07:00  INFO 8417 --- [Vehicle-OOPS] [restartedMain] com.synex.VehicleOopsApplication         : Seeding initial data
2025-10-29T20:36:44.387-07:00  INFO 8417 --- [Vehicle-OOPS] [restartedMain] com.synex.VehicleOopsApplication         : Seeded 4 vehicles
2025-10-29T20:36:44.387-07:00  INFO 8417 --- [Vehicle-OOPS] [restartedMain] .ConditionEvaluationDeltaLoggingListener : Condition evaluation unchanged
2025-10-29T20:40:27.262-07:00  INFO 8417 --- [Vehicle-OOPS] [File Watcher] rtingClassPathChangeChangedEventListener : Restarting due to 14 class path changes (0 additions, 1 deletion, 13 modifications)
2025-10-29T20:40:27.275-07:00  INFO 8417 --- [Vehicle-OOPS] [Thread-12] o.s.b.w.e.tomcat.GracefulShutdown        : Commencing graceful shutdown. Waiting for active requests to complete
2025-10-29T20:40:27.283-07:00  INFO 8417 --- [Vehicle-OOPS] [tomcat-shutdown] o.s.b.w.e.tomcat.GracefulShutdown        : Graceful shutdown complete
2025-10-29T20:40:27.289-07:00  INFO 8417 --- [Vehicle-OOPS] [Thread-12] j.LocalContainerEntityManagerFactoryBean : Closing JPA EntityManagerFactory for persistence unit 'default'
2025-10-29T20:40:27.298-07:00  WARN 8417 --- [Vehicle-OOPS] [Thread-12] o.s.b.f.support.DisposableBeanAdapter    : Invocation of destroy method failed on bean with name 'inMemoryDatabaseShutdownExecutor': org.h2.jdbc.JdbcSQLNonTransientConnectionException: Database is already closed (to disable automatic closing at VM shutdown, add ";DB_CLOSE_ON_EXIT=FALSE" to the db URL) [90121-232]
2025-10-29T20:40:27.298-07:00  INFO 8417 --- [Vehicle-OOPS] [Thread-12] com.zaxxer.hikari.HikariDataSource       : HikariPool-3 - Shutdown initiated...
2025-10-29T20:40:27.303-07:00  INFO 8417 --- [Vehicle-OOPS] [Thread-12] com.zaxxer.hikari.HikariDataSource       : HikariPool-3 - Shutdown completed.
2025-10-29T20:40:27.410-07:00  INFO 8417 --- [Vehicle-OOPS] [restartedMain] com.synex.VehicleOopsApplication         : Starting VehicleOopsApplication using Java 21.0.6 with PID 8417 (/Users/sravya/Documents/spring-microservices-workspace/Vehicle-OOPS/target/classes started by sravya in /Users/sravya/Documents/spring-microservices-workspace/Vehicle-OOPS)
2025-10-29T20:40:27.411-07:00 DEBUG 8417 --- [Vehicle-OOPS] [restartedMain] com.synex.VehicleOopsApplication         : Running with Spring Boot v3.5.6, Spring v6.2.11
2025-10-29T20:40:27.411-07:00  INFO 8417 --- [Vehicle-OOPS] [restartedMain] com.synex.VehicleOopsApplication         : No active profile set, falling back to 1 default profile: "default"
2025-10-29T20:40:27.486-07:00  INFO 8417 --- [Vehicle-OOPS] [restartedMain] .s.d.r.c.RepositoryConfigurationDelegate : Bootstrapping Spring Data JPA repositories in DEFAULT mode.
2025-10-29T20:40:27.489-07:00  INFO 8417 --- [Vehicle-OOPS] [restartedMain] .s.d.r.c.RepositoryConfigurationDelegate : Finished Spring Data repository scanning in 2 ms. Found 1 JPA repository interface.
2025-10-29T20:40:27.528-07:00  INFO 8417 --- [Vehicle-OOPS] [restartedMain] o.s.b.w.embedded.tomcat.TomcatWebServer  : Tomcat initialized with port 8080 (http)
2025-10-29T20:40:27.529-07:00  INFO 8417 --- [Vehicle-OOPS] [restartedMain] o.apache.catalina.core.StandardService   : Starting service [Tomcat]
2025-10-29T20:40:27.529-07:00  INFO 8417 --- [Vehicle-OOPS] [restartedMain] o.apache.catalina.core.StandardEngine    : Starting Servlet engine: [Apache Tomcat/10.1.46]
2025-10-29T20:40:27.533-07:00  INFO 8417 --- [Vehicle-OOPS] [restartedMain] o.a.c.c.C.[Tomcat].[localhost].[/]       : Initializing Spring embedded WebApplicationContext
2025-10-29T20:40:27.533-07:00  INFO 8417 --- [Vehicle-OOPS] [restartedMain] w.s.c.ServletWebServerApplicationContext : Root WebApplicationContext: initialization completed in 121 ms
2025-10-29T20:40:27.550-07:00  INFO 8417 --- [Vehicle-OOPS] [restartedMain] o.hibernate.jpa.internal.util.LogHelper  : HHH000204: Processing PersistenceUnitInfo [name: default]
2025-10-29T20:40:27.551-07:00  INFO 8417 --- [Vehicle-OOPS] [restartedMain] o.h.c.internal.RegionFactoryInitiator    : HHH000026: Second-level cache disabled
2025-10-29T20:40:27.555-07:00  INFO 8417 --- [Vehicle-OOPS] [restartedMain] o.s.o.j.p.SpringPersistenceUnitInfo      : No LoadTimeWeaver setup: ignoring JPA class transformer
2025-10-29T20:40:27.555-07:00  INFO 8417 --- [Vehicle-OOPS] [restartedMain] com.zaxxer.hikari.HikariDataSource       : HikariPool-4 - Starting...
2025-10-29T20:40:27.559-07:00  INFO 8417 --- [Vehicle-OOPS] [restartedMain] com.zaxxer.hikari.pool.HikariPool        : HikariPool-4 - Added connection conn30: url=jdbc:h2:mem:vehdb user=SA
2025-10-29T20:40:27.559-07:00  INFO 8417 --- [Vehicle-OOPS] [restartedMain] com.zaxxer.hikari.HikariDataSource       : HikariPool-4 - Start completed.
2025-10-29T20:40:27.560-07:00  INFO 8417 --- [Vehicle-OOPS] [restartedMain] org.hibernate.orm.connections.pooling    : HHH10001005: Database info:
	Database JDBC URL [Connecting through datasource 'HikariDataSource (HikariPool-4)']
	Database driver: undefined/unknown
	Database version: 2.3.232
	Autocommit mode: undefined/unknown
	Isolation level: undefined/unknown
	Minimum pool size: undefined/unknown
	Maximum pool size: undefined/unknown
2025-10-29T20:40:27.594-07:00  INFO 8417 --- [Vehicle-OOPS] [restartedMain] o.h.e.t.j.p.i.JtaPlatformInitiator       : HHH000489: No JTA platform available (set 'hibernate.transaction.jta.platform' to enable JTA platform integration)
2025-10-29T20:40:27.595-07:00  INFO 8417 --- [Vehicle-OOPS] [restartedMain] j.LocalContainerEntityManagerFactoryBean : Initialized JPA EntityManagerFactory for persistence unit 'default'
2025-10-29T20:40:27.628-07:00  WARN 8417 --- [Vehicle-OOPS] [restartedMain] JpaBaseConfiguration$JpaWebConfiguration : spring.jpa.open-in-view is enabled by default. Therefore, database queries may be performed during view rendering. Explicitly configure spring.jpa.open-in-view to disable this warning
2025-10-29T20:40:27.668-07:00  INFO 8417 --- [Vehicle-OOPS] [restartedMain] o.s.b.a.h2.H2ConsoleAutoConfiguration    : H2 console available at '/h2-console'. Database available at 'jdbc:h2:mem:vehdb'
2025-10-29T20:40:27.675-07:00  INFO 8417 --- [Vehicle-OOPS] [restartedMain] o.s.b.d.a.OptionalLiveReloadServer       : LiveReload server is running on port 35729
2025-10-29T20:40:27.681-07:00  INFO 8417 --- [Vehicle-OOPS] [restartedMain] o.s.b.w.embedded.tomcat.TomcatWebServer  : Tomcat started on port 8080 (http) with context path '/'
2025-10-29T20:40:27.684-07:00  INFO 8417 --- [Vehicle-OOPS] [restartedMain] com.synex.VehicleOopsApplication         : Started VehicleOopsApplication in 0.285 seconds (process running for 655.004)
2025-10-29T20:40:27.687-07:00  INFO 8417 --- [Vehicle-OOPS] [restartedMain] com.synex.VehicleOopsApplication         : Seeding initial data
2025-10-29T20:40:27.691-07:00  INFO 8417 --- [Vehicle-OOPS] [restartedMain] com.synex.VehicleOopsApplication         : Seeded 4 vehicles
2025-10-29T20:40:27.692-07:00  INFO 8417 --- [Vehicle-OOPS] [restartedMain] .ConditionEvaluationDeltaLoggingListener : Condition evaluation unchanged
2025-10-29T20:40:45.360-07:00  INFO 8417 --- [Vehicle-OOPS] [RMI TCP Connection(13)-127.0.0.1] inMXBeanRegistrar$SpringApplicationAdmin : Application shutdown requested.
2025-10-29T20:40:45.361-07:00  INFO 8417 --- [Vehicle-OOPS] [RMI TCP Connection(13)-127.0.0.1] o.s.b.w.e.tomcat.GracefulShutdown        : Commencing graceful shutdown. Waiting for active requests to complete
2025-10-29T20:40:45.363-07:00  INFO 8417 --- [Vehicle-OOPS] [tomcat-shutdown] o.s.b.w.e.tomcat.GracefulShutdown        : Graceful shutdown complete
2025-10-29T20:40:45.364-07:00  INFO 8417 --- [Vehicle-OOPS] [RMI TCP Connection(13)-127.0.0.1] j.LocalContainerEntityManagerFactoryBean : Closing JPA EntityManagerFactory for persistence unit 'default'
2025-10-29T20:40:45.364-07:00  WARN 8417 --- [Vehicle-OOPS] [RMI TCP Connection(13)-127.0.0.1] o.s.b.f.support.DisposableBeanAdapter    : Invocation of destroy method failed on bean with name 'inMemoryDatabaseShutdownExecutor': org.h2.jdbc.JdbcSQLNonTransientConnectionException: Database is already closed (to disable automatic closing at VM shutdown, add ";DB_CLOSE_ON_EXIT=FALSE" to the db URL) [90121-232]
2025-10-29T20:40:45.364-07:00  INFO 8417 --- [Vehicle-OOPS] [RMI TCP Connection(13)-127.0.0.1] com.zaxxer.hikari.HikariDataSource       : HikariPool-4 - Shutdown initiated...
2025-10-29T20:40:45.365-07:00  INFO 8417 --- [Vehicle-OOPS] [RMI TCP Connection(13)-127.0.0.1] com.zaxxer.hikari.HikariDataSource       : HikariPool-4 - Shutdown completed.
2025-10-29T20:41:51.830-07:00  INFO 8997 --- [Vehicle-OOPS] [restartedMain] com.synex.VehicleOopsApplication         : Starting VehicleOopsApplication using Java 21.0.6 with PID 8997 (/Users/sravya/Documents/spring-microservices-workspace/Vehicle-OOPS/target/classes started by sravya in /Users/sravya/Documents/spring-microservices-workspace/Vehicle-OOPS)
2025-10-29T20:41:51.831-07:00 DEBUG 8997 --- [Vehicle-OOPS] [restartedMain] com.synex.VehicleOopsApplication         : Running with Spring Boot v3.5.6, Spring v6.2.11
2025-10-29T20:41:51.832-07:00  INFO 8997 --- [Vehicle-OOPS] [restartedMain] com.synex.VehicleOopsApplication         : No active profile set, falling back to 1 default profile: "default"
2025-10-29T20:41:51.853-07:00  INFO 8997 --- [Vehicle-OOPS] [restartedMain] .e.DevToolsPropertyDefaultsPostProcessor : Devtools property defaults active! Set 'spring.devtools.add-properties' to 'false' to disable
2025-10-29T20:41:51.853-07:00  INFO 8997 --- [Vehicle-OOPS] [restartedMain] .e.DevToolsPropertyDefaultsPostProcessor : For additional web related logging consider setting the 'logging.level.web' property to 'DEBUG'
2025-10-29T20:41:52.136-07:00  INFO 8997 --- [Vehicle-OOPS] [restartedMain] .s.d.r.c.RepositoryConfigurationDelegate : Bootstrapping Spring Data JPA repositories in DEFAULT mode.
2025-10-29T20:41:52.160-07:00  INFO 8997 --- [Vehicle-OOPS] [restartedMain] .s.d.r.c.RepositoryConfigurationDelegate : Finished Spring Data repository scanning in 20 ms. Found 1 JPA repository interface.
2025-10-29T20:41:52.390-07:00  INFO 8997 --- [Vehicle-OOPS] [restartedMain] o.s.b.w.embedded.tomcat.TomcatWebServer  : Tomcat initialized with port 8080 (http)
2025-10-29T20:41:52.398-07:00  INFO 8997 --- [Vehicle-OOPS] [restartedMain] o.apache.catalina.core.StandardService   : Starting service [Tomcat]
2025-10-29T20:41:52.398-07:00  INFO 8997 --- [Vehicle-OOPS] [restartedMain] o.apache.catalina.core.StandardEngine    : Starting Servlet engine: [Apache Tomcat/10.1.46]
2025-10-29T20:41:52.415-07:00  INFO 8997 --- [Vehicle-OOPS] [restartedMain] o.a.c.c.C.[Tomcat].[localhost].[/]       : Initializing Spring embedded WebApplicationContext
2025-10-29T20:41:52.416-07:00  INFO 8997 --- [Vehicle-OOPS] [restartedMain] w.s.c.ServletWebServerApplicationContext : Root WebApplicationContext: initialization completed in 563 ms
2025-10-29T20:41:52.500-07:00  INFO 8997 --- [Vehicle-OOPS] [restartedMain] o.hibernate.jpa.internal.util.LogHelper  : HHH000204: Processing PersistenceUnitInfo [name: default]
2025-10-29T20:41:52.531-07:00  INFO 8997 --- [Vehicle-OOPS] [restartedMain] org.hibernate.Version                    : HHH000412: Hibernate ORM core version 6.6.29.Final
2025-10-29T20:41:52.548-07:00  INFO 8997 --- [Vehicle-OOPS] [restartedMain] o.h.c.internal.RegionFactoryInitiator    : HHH000026: Second-level cache disabled
2025-10-29T20:41:52.684-07:00  INFO 8997 --- [Vehicle-OOPS] [restartedMain] o.s.o.j.p.SpringPersistenceUnitInfo      : No LoadTimeWeaver setup: ignoring JPA class transformer
2025-10-29T20:41:52.702-07:00  INFO 8997 --- [Vehicle-OOPS] [restartedMain] com.zaxxer.hikari.HikariDataSource       : HikariPool-1 - Starting...
2025-10-29T20:41:52.808-07:00  INFO 8997 --- [Vehicle-OOPS] [restartedMain] com.zaxxer.hikari.pool.HikariPool        : HikariPool-1 - Added connection conn0: url=jdbc:h2:mem:vehdb user=SA
2025-10-29T20:41:52.809-07:00  INFO 8997 --- [Vehicle-OOPS] [restartedMain] com.zaxxer.hikari.HikariDataSource       : HikariPool-1 - Start completed.
2025-10-29T20:41:52.841-07:00  INFO 8997 --- [Vehicle-OOPS] [restartedMain] org.hibernate.orm.connections.pooling    : HHH10001005: Database info:
	Database JDBC URL [Connecting through datasource 'HikariDataSource (HikariPool-1)']
	Database driver: undefined/unknown
	Database version: 2.3.232
	Autocommit mode: undefined/unknown
	Isolation level: undefined/unknown
	Minimum pool size: undefined/unknown
	Maximum pool size: undefined/unknown
2025-10-29T20:41:53.253-07:00  INFO 8997 --- [Vehicle-OOPS] [restartedMain] o.h.e.t.j.p.i.JtaPlatformInitiator       : HHH000489: No JTA platform available (set 'hibernate.transaction.jta.platform' to enable JTA platform integration)
2025-10-29T20:41:53.283-07:00  INFO 8997 --- [Vehicle-OOPS] [restartedMain] j.LocalContainerEntityManagerFactoryBean : Initialized JPA EntityManagerFactory for persistence unit 'default'
2025-10-29T20:41:53.453-07:00  WARN 8997 --- [Vehicle-OOPS] [restartedMain] JpaBaseConfiguration$JpaWebConfiguration : spring.jpa.open-in-view is enabled by default. Therefore, database queries may be performed during view rendering. Explicitly configure spring.jpa.open-in-view to disable this warning
2025-10-29T20:41:53.585-07:00  INFO 8997 --- [Vehicle-OOPS] [restartedMain] o.s.b.a.h2.H2ConsoleAutoConfiguration    : H2 console available at '/h2-console'. Database available at 'jdbc:h2:mem:vehdb'
2025-10-29T20:41:53.614-07:00  INFO 8997 --- [Vehicle-OOPS] [restartedMain] o.s.b.d.a.OptionalLiveReloadServer       : LiveReload server is running on port 35729
2025-10-29T20:41:53.634-07:00  INFO 8997 --- [Vehicle-OOPS] [restartedMain] o.s.b.w.embedded.tomcat.TomcatWebServer  : Tomcat started on port 8080 (http) with context path '/'
2025-10-29T20:41:53.639-07:00  INFO 8997 --- [Vehicle-OOPS] [restartedMain] com.synex.VehicleOopsApplication         : Started VehicleOopsApplication in 2.012 seconds (process running for 2.389)
2025-10-29T20:41:53.828-07:00  INFO 8997 --- [Vehicle-OOPS] [restartedMain] com.synex.VehicleOopsApplication         : Seeding initial data
2025-10-29T20:41:53.848-07:00  INFO 8997 --- [Vehicle-OOPS] [restartedMain] com.synex.VehicleOopsApplication         : Seeded 4 vehicles
2025-10-29T21:04:43.259-07:00  WARN 8997 --- [Vehicle-OOPS] [HikariPool-1:housekeeper] com.zaxxer.hikari.pool.HikariPool        : HikariPool-1 - Thread starvation or clock leap detected (housekeeper delta=16m50s275ms).
2025-10-29T21:35:14.305-07:00  INFO 8997 --- [Vehicle-OOPS] [File Watcher] rtingClassPathChangeChangedEventListener : Restarting due to 1 class path change (0 additions, 0 deletions, 1 modification)
2025-10-29T21:35:14.446-07:00  INFO 8997 --- [Vehicle-OOPS] [Thread-5] o.s.b.w.e.tomcat.GracefulShutdown        : Commencing graceful shutdown. Waiting for active requests to complete
2025-10-29T21:35:14.529-07:00  INFO 8997 --- [Vehicle-OOPS] [tomcat-shutdown] o.s.b.w.e.tomcat.GracefulShutdown        : Graceful shutdown complete
2025-10-29T21:35:14.550-07:00  INFO 8997 --- [Vehicle-OOPS] [Thread-5] j.LocalContainerEntityManagerFactoryBean : Closing JPA EntityManagerFactory for persistence unit 'default'
2025-10-29T21:35:14.616-07:00  WARN 8997 --- [Vehicle-OOPS] [Thread-5] o.s.b.f.support.DisposableBeanAdapter    : Invocation of destroy method failed on bean with name 'inMemoryDatabaseShutdownExecutor': org.h2.jdbc.JdbcSQLNonTransientConnectionException: Database is already closed (to disable automatic closing at VM shutdown, add ";DB_CLOSE_ON_EXIT=FALSE" to the db URL) [90121-232]
2025-10-29T21:35:14.617-07:00  INFO 8997 --- [Vehicle-OOPS] [Thread-5] com.zaxxer.hikari.HikariDataSource       : HikariPool-1 - Shutdown initiated...
2025-10-29T21:35:14.622-07:00  INFO 8997 --- [Vehicle-OOPS] [Thread-5] com.zaxxer.hikari.HikariDataSource       : HikariPool-1 - Shutdown completed.
2025-10-29T21:35:14.885-07:00  INFO 8997 --- [Vehicle-OOPS] [restartedMain] com.synex.VehicleOopsApplication         : Starting VehicleOopsApplication using Java 21.0.6 with PID 8997 (/Users/sravya/Documents/spring-microservices-workspace/Vehicle-OOPS/target/classes started by sravya in /Users/sravya/Documents/spring-microservices-workspace/Vehicle-OOPS)
2025-10-29T21:35:14.885-07:00 DEBUG 8997 --- [Vehicle-OOPS] [restartedMain] com.synex.VehicleOopsApplication         : Running with Spring Boot v3.5.6, Spring v6.2.11
2025-10-29T21:35:14.885-07:00  INFO 8997 --- [Vehicle-OOPS] [restartedMain] com.synex.VehicleOopsApplication         : No active profile set, falling back to 1 default profile: "default"
2025-10-29T21:35:14.998-07:00  INFO 8997 --- [Vehicle-OOPS] [restartedMain] .s.d.r.c.RepositoryConfigurationDelegate : Bootstrapping Spring Data JPA repositories in DEFAULT mode.
2025-10-29T21:35:15.007-07:00  INFO 8997 --- [Vehicle-OOPS] [restartedMain] .s.d.r.c.RepositoryConfigurationDelegate : Finished Spring Data repository scanning in 7 ms. Found 1 JPA repository interface.
2025-10-29T21:35:15.151-07:00  INFO 8997 --- [Vehicle-OOPS] [restartedMain] o.s.b.w.embedded.tomcat.TomcatWebServer  : Tomcat initialized with port 8080 (http)
2025-10-29T21:35:15.153-07:00  INFO 8997 --- [Vehicle-OOPS] [restartedMain] o.apache.catalina.core.StandardService   : Starting service [Tomcat]
2025-10-29T21:35:15.153-07:00  INFO 8997 --- [Vehicle-OOPS] [restartedMain] o.apache.catalina.core.StandardEngine    : Starting Servlet engine: [Apache Tomcat/10.1.46]
2025-10-29T21:35:15.165-07:00  INFO 8997 --- [Vehicle-OOPS] [restartedMain] o.a.c.c.C.[Tomcat].[localhost].[/]       : Initializing Spring embedded WebApplicationContext
2025-10-29T21:35:15.165-07:00  INFO 8997 --- [Vehicle-OOPS] [restartedMain] w.s.c.ServletWebServerApplicationContext : Root WebApplicationContext: initialization completed in 278 ms
2025-10-29T21:35:15.199-07:00  INFO 8997 --- [Vehicle-OOPS] [restartedMain] o.hibernate.jpa.internal.util.LogHelper  : HHH000204: Processing PersistenceUnitInfo [name: default]
2025-10-29T21:35:15.200-07:00  INFO 8997 --- [Vehicle-OOPS] [restartedMain] o.h.c.internal.RegionFactoryInitiator    : HHH000026: Second-level cache disabled
2025-10-29T21:35:15.205-07:00  INFO 8997 --- [Vehicle-OOPS] [restartedMain] o.s.o.j.p.SpringPersistenceUnitInfo      : No LoadTimeWeaver setup: ignoring JPA class transformer
2025-10-29T21:35:15.206-07:00  INFO 8997 --- [Vehicle-OOPS] [restartedMain] com.zaxxer.hikari.HikariDataSource       : HikariPool-2 - Starting...
2025-10-29T21:35:15.209-07:00  INFO 8997 --- [Vehicle-OOPS] [restartedMain] com.zaxxer.hikari.pool.HikariPool        : HikariPool-2 - Added connection conn20: url=jdbc:h2:mem:vehdb user=SA
2025-10-29T21:35:15.210-07:00  INFO 8997 --- [Vehicle-OOPS] [restartedMain] com.zaxxer.hikari.HikariDataSource       : HikariPool-2 - Start completed.
2025-10-29T21:35:15.210-07:00  INFO 8997 --- [Vehicle-OOPS] [restartedMain] org.hibernate.orm.connections.pooling    : HHH10001005: Database info:
	Database JDBC URL [Connecting through datasource 'HikariDataSource (HikariPool-2)']
	Database driver: undefined/unknown
	Database version: 2.3.232
	Autocommit mode: undefined/unknown
	Isolation level: undefined/unknown
	Minimum pool size: undefined/unknown
	Maximum pool size: undefined/unknown
2025-10-29T21:35:15.260-07:00  INFO 8997 --- [Vehicle-OOPS] [restartedMain] o.h.e.t.j.p.i.JtaPlatformInitiator       : HHH000489: No JTA platform available (set 'hibernate.transaction.jta.platform' to enable JTA platform integration)
2025-10-29T21:35:15.262-07:00  INFO 8997 --- [Vehicle-OOPS] [restartedMain] j.LocalContainerEntityManagerFactoryBean : Initialized JPA EntityManagerFactory for persistence unit 'default'
2025-10-29T21:35:15.300-07:00  WARN 8997 --- [Vehicle-OOPS] [restartedMain] JpaBaseConfiguration$JpaWebConfiguration : spring.jpa.open-in-view is enabled by default. Therefore, database queries may be performed during view rendering. Explicitly configure spring.jpa.open-in-view to disable this warning
2025-10-29T21:35:15.357-07:00  INFO 8997 --- [Vehicle-OOPS] [restartedMain] o.s.b.a.h2.H2ConsoleAutoConfiguration    : H2 console available at '/h2-console'. Database available at 'jdbc:h2:mem:vehdb'
2025-10-29T21:35:15.366-07:00  INFO 8997 --- [Vehicle-OOPS] [restartedMain] o.s.b.d.a.OptionalLiveReloadServer       : LiveReload server is running on port 35729
2025-10-29T21:35:15.372-07:00  INFO 8997 --- [Vehicle-OOPS] [restartedMain] o.s.b.w.embedded.tomcat.TomcatWebServer  : Tomcat started on port 8080 (http) with context path '/'
2025-10-29T21:35:15.375-07:00  INFO 8997 --- [Vehicle-OOPS] [restartedMain] com.synex.VehicleOopsApplication         : Started VehicleOopsApplication in 0.519 seconds (process running for 2223.847)
2025-10-29T21:35:15.380-07:00  INFO 8997 --- [Vehicle-OOPS] [restartedMain] com.synex.VehicleOopsApplication         : Seeding initial data
2025-10-29T21:35:15.384-07:00  INFO 8997 --- [Vehicle-OOPS] [restartedMain] com.synex.VehicleOopsApplication         : Seeded 4 vehicles
2025-10-29T21:35:15.385-07:00  INFO 8997 --- [Vehicle-OOPS] [restartedMain] .ConditionEvaluationDeltaLoggingListener : Condition evaluation unchanged
2025-10-29T21:43:35.867-07:00  INFO 8997 --- [Vehicle-OOPS] [File Watcher] rtingClassPathChangeChangedEventListener : Restarting due to 15 class path changes (0 additions, 5 deletions, 10 modifications)
2025-10-29T21:43:35.890-07:00  INFO 8997 --- [Vehicle-OOPS] [Thread-7] o.s.b.w.e.tomcat.GracefulShutdown        : Commencing graceful shutdown. Waiting for active requests to complete
2025-10-29T21:43:35.893-07:00  INFO 8997 --- [Vehicle-OOPS] [tomcat-shutdown] o.s.b.w.e.tomcat.GracefulShutdown        : Graceful shutdown complete
2025-10-29T21:43:35.898-07:00  INFO 8997 --- [Vehicle-OOPS] [Thread-7] j.LocalContainerEntityManagerFactoryBean : Closing JPA EntityManagerFactory for persistence unit 'default'
2025-10-29T21:43:35.909-07:00  WARN 8997 --- [Vehicle-OOPS] [Thread-7] o.s.b.f.support.DisposableBeanAdapter    : Invocation of destroy method failed on bean with name 'inMemoryDatabaseShutdownExecutor': org.h2.jdbc.JdbcSQLNonTransientConnectionException: Database is already closed (to disable automatic closing at VM shutdown, add ";DB_CLOSE_ON_EXIT=FALSE" to the db URL) [90121-232]
2025-10-29T21:43:35.910-07:00  INFO 8997 --- [Vehicle-OOPS] [Thread-7] com.zaxxer.hikari.HikariDataSource       : HikariPool-2 - Shutdown initiated...
2025-10-29T21:43:35.911-07:00  INFO 8997 --- [Vehicle-OOPS] [Thread-7] com.zaxxer.hikari.HikariDataSource       : HikariPool-2 - Shutdown completed.
2025-10-29T21:43:36.042-07:00  INFO 8997 --- [Vehicle-OOPS] [restartedMain] com.synex.VehicleOopsApplication         : Starting VehicleOopsApplication using Java 21.0.6 with PID 8997 (/Users/sravya/Documents/spring-microservices-workspace/Vehicle-OOPS/target/classes started by sravya in /Users/sravya/Documents/spring-microservices-workspace/Vehicle-OOPS)
2025-10-29T21:43:36.042-07:00 DEBUG 8997 --- [Vehicle-OOPS] [restartedMain] com.synex.VehicleOopsApplication         : Running with Spring Boot v3.5.6, Spring v6.2.11
2025-10-29T21:43:36.042-07:00  INFO 8997 --- [Vehicle-OOPS] [restartedMain] com.synex.VehicleOopsApplication         : No active profile set, falling back to 1 default profile: "default"
2025-10-29T21:43:36.113-07:00  INFO 8997 --- [Vehicle-OOPS] [restartedMain] .s.d.r.c.RepositoryConfigurationDelegate : Bootstrapping Spring Data JPA repositories in DEFAULT mode.
2025-10-29T21:43:36.116-07:00  INFO 8997 --- [Vehicle-OOPS] [restartedMain] .s.d.r.c.RepositoryConfigurationDelegate : Finished Spring Data repository scanning in 2 ms. Found 1 JPA repository interface.
2025-10-29T21:43:36.176-07:00  INFO 8997 --- [Vehicle-OOPS] [restartedMain] o.s.b.w.embedded.tomcat.TomcatWebServer  : Tomcat initialized with port 8080 (http)
2025-10-29T21:43:36.177-07:00  INFO 8997 --- [Vehicle-OOPS] [restartedMain] o.apache.catalina.core.StandardService   : Starting service [Tomcat]
2025-10-29T21:43:36.177-07:00  INFO 8997 --- [Vehicle-OOPS] [restartedMain] o.apache.catalina.core.StandardEngine    : Starting Servlet engine: [Apache Tomcat/10.1.46]
2025-10-29T21:43:36.181-07:00  INFO 8997 --- [Vehicle-OOPS] [restartedMain] o.a.c.c.C.[Tomcat].[localhost].[/]       : Initializing Spring embedded WebApplicationContext
2025-10-29T21:43:36.181-07:00  INFO 8997 --- [Vehicle-OOPS] [restartedMain] w.s.c.ServletWebServerApplicationContext : Root WebApplicationContext: initialization completed in 138 ms
2025-10-29T21:43:36.199-07:00  INFO 8997 --- [Vehicle-OOPS] [restartedMain] o.hibernate.jpa.internal.util.LogHelper  : HHH000204: Processing PersistenceUnitInfo [name: default]
2025-10-29T21:43:36.200-07:00  INFO 8997 --- [Vehicle-OOPS] [restartedMain] o.h.c.internal.RegionFactoryInitiator    : HHH000026: Second-level cache disabled
2025-10-29T21:43:36.206-07:00  INFO 8997 --- [Vehicle-OOPS] [restartedMain] o.s.o.j.p.SpringPersistenceUnitInfo      : No LoadTimeWeaver setup: ignoring JPA class transformer
2025-10-29T21:43:36.207-07:00  INFO 8997 --- [Vehicle-OOPS] [restartedMain] com.zaxxer.hikari.HikariDataSource       : HikariPool-3 - Starting...
2025-10-29T21:43:36.208-07:00  INFO 8997 --- [Vehicle-OOPS] [restartedMain] com.zaxxer.hikari.pool.HikariPool        : HikariPool-3 - Added connection conn30: url=jdbc:h2:mem:vehdb user=SA
2025-10-29T21:43:36.208-07:00  INFO 8997 --- [Vehicle-OOPS] [restartedMain] com.zaxxer.hikari.HikariDataSource       : HikariPool-3 - Start completed.
2025-10-29T21:43:36.209-07:00  INFO 8997 --- [Vehicle-OOPS] [restartedMain] org.hibernate.orm.connections.pooling    : HHH10001005: Database info:
	Database JDBC URL [Connecting through datasource 'HikariDataSource (HikariPool-3)']
	Database driver: undefined/unknown
	Database version: 2.3.232
	Autocommit mode: undefined/unknown
	Isolation level: undefined/unknown
	Minimum pool size: undefined/unknown
	Maximum pool size: undefined/unknown
2025-10-29T21:43:36.247-07:00  INFO 8997 --- [Vehicle-OOPS] [restartedMain] o.h.e.t.j.p.i.JtaPlatformInitiator       : HHH000489: No JTA platform available (set 'hibernate.transaction.jta.platform' to enable JTA platform integration)
2025-10-29T21:43:36.248-07:00  INFO 8997 --- [Vehicle-OOPS] [restartedMain] j.LocalContainerEntityManagerFactoryBean : Initialized JPA EntityManagerFactory for persistence unit 'default'
2025-10-29T21:43:36.278-07:00  WARN 8997 --- [Vehicle-OOPS] [restartedMain] JpaBaseConfiguration$JpaWebConfiguration : spring.jpa.open-in-view is enabled by default. Therefore, database queries may be performed during view rendering. Explicitly configure spring.jpa.open-in-view to disable this warning
2025-10-29T21:43:36.317-07:00  INFO 8997 --- [Vehicle-OOPS] [restartedMain] o.s.b.a.h2.H2ConsoleAutoConfiguration    : H2 console available at '/h2-console'. Database available at 'jdbc:h2:mem:vehdb'
2025-10-29T21:43:36.323-07:00  INFO 8997 --- [Vehicle-OOPS] [restartedMain] o.s.b.d.a.OptionalLiveReloadServer       : LiveReload server is running on port 35729
2025-10-29T21:43:36.329-07:00  INFO 8997 --- [Vehicle-OOPS] [restartedMain] o.s.b.w.embedded.tomcat.TomcatWebServer  : Tomcat started on port 8080 (http) with context path '/'
2025-10-29T21:43:36.331-07:00  INFO 8997 --- [Vehicle-OOPS] [restartedMain] com.synex.VehicleOopsApplication         : Started VehicleOopsApplication in 0.301 seconds (process running for 2724.82)
2025-10-29T21:43:36.334-07:00  INFO 8997 --- [Vehicle-OOPS] [restartedMain] com.synex.VehicleOopsApplication         : Seeding initial data
2025-10-29T21:43:36.336-07:00  INFO 8997 --- [Vehicle-OOPS] [restartedMain] com.synex.VehicleOopsApplication         : Seeded 4 vehicles
2025-10-29T21:43:36.337-07:00  INFO 8997 --- [Vehicle-OOPS] [restartedMain] .ConditionEvaluationDeltaLoggingListener : Condition evaluation unchanged
2025-10-29T21:44:44.458-07:00  INFO 8997 --- [Vehicle-OOPS] [File Watcher] rtingClassPathChangeChangedEventListener : Restarting due to 15 class path changes (5 additions, 0 deletions, 10 modifications)
2025-10-29T21:44:44.475-07:00  INFO 8997 --- [Vehicle-OOPS] [Thread-12] o.s.b.w.e.tomcat.GracefulShutdown        : Commencing graceful shutdown. Waiting for active requests to complete
2025-10-29T21:44:44.479-07:00  INFO 8997 --- [Vehicle-OOPS] [tomcat-shutdown] o.s.b.w.e.tomcat.GracefulShutdown        : Graceful shutdown complete
2025-10-29T21:44:44.484-07:00  INFO 8997 --- [Vehicle-OOPS] [Thread-12] j.LocalContainerEntityManagerFactoryBean : Closing JPA EntityManagerFactory for persistence unit 'default'
2025-10-29T21:44:44.488-07:00  WARN 8997 --- [Vehicle-OOPS] [Thread-12] o.s.b.f.support.DisposableBeanAdapter    : Invocation of destroy method failed on bean with name 'inMemoryDatabaseShutdownExecutor': org.h2.jdbc.JdbcSQLNonTransientConnectionException: Database is already closed (to disable automatic closing at VM shutdown, add ";DB_CLOSE_ON_EXIT=FALSE" to the db URL) [90121-232]
2025-10-29T21:44:44.489-07:00  INFO 8997 --- [Vehicle-OOPS] [Thread-12] com.zaxxer.hikari.HikariDataSource       : HikariPool-3 - Shutdown initiated...
2025-10-29T21:44:44.489-07:00  INFO 8997 --- [Vehicle-OOPS] [Thread-12] com.zaxxer.hikari.HikariDataSource       : HikariPool-3 - Shutdown completed.
2025-10-29T21:44:44.569-07:00  INFO 8997 --- [Vehicle-OOPS] [restartedMain] com.synex.VehicleOopsApplication         : Starting VehicleOopsApplication using Java 21.0.6 with PID 8997 (/Users/sravya/Documents/spring-microservices-workspace/Vehicle-OOPS/target/classes started by sravya in /Users/sravya/Documents/spring-microservices-workspace/Vehicle-OOPS)
2025-10-29T21:44:44.569-07:00 DEBUG 8997 --- [Vehicle-OOPS] [restartedMain] com.synex.VehicleOopsApplication         : Running with Spring Boot v3.5.6, Spring v6.2.11
2025-10-29T21:44:44.569-07:00  INFO 8997 --- [Vehicle-OOPS] [restartedMain] com.synex.VehicleOopsApplication         : No active profile set, falling back to 1 default profile: "default"
2025-10-29T21:44:44.628-07:00  INFO 8997 --- [Vehicle-OOPS] [restartedMain] .s.d.r.c.RepositoryConfigurationDelegate : Bootstrapping Spring Data JPA repositories in DEFAULT mode.
2025-10-29T21:44:44.632-07:00  INFO 8997 --- [Vehicle-OOPS] [restartedMain] .s.d.r.c.RepositoryConfigurationDelegate : Finished Spring Data repository scanning in 2 ms. Found 1 JPA repository interface.
2025-10-29T21:44:44.671-07:00  INFO 8997 --- [Vehicle-OOPS] [restartedMain] o.s.b.w.embedded.tomcat.TomcatWebServer  : Tomcat initialized with port 8080 (http)
2025-10-29T21:44:44.672-07:00  INFO 8997 --- [Vehicle-OOPS] [restartedMain] o.apache.catalina.core.StandardService   : Starting service [Tomcat]
2025-10-29T21:44:44.672-07:00  INFO 8997 --- [Vehicle-OOPS] [restartedMain] o.apache.catalina.core.StandardEngine    : Starting Servlet engine: [Apache Tomcat/10.1.46]
2025-10-29T21:44:44.676-07:00  INFO 8997 --- [Vehicle-OOPS] [restartedMain] o.a.c.c.C.[Tomcat].[localhost].[/]       : Initializing Spring embedded WebApplicationContext
2025-10-29T21:44:44.676-07:00  INFO 8997 --- [Vehicle-OOPS] [restartedMain] w.s.c.ServletWebServerApplicationContext : Root WebApplicationContext: initialization completed in 106 ms
2025-10-29T21:44:44.696-07:00  INFO 8997 --- [Vehicle-OOPS] [restartedMain] o.hibernate.jpa.internal.util.LogHelper  : HHH000204: Processing PersistenceUnitInfo [name: default]
2025-10-29T21:44:44.697-07:00  INFO 8997 --- [Vehicle-OOPS] [restartedMain] o.h.c.internal.RegionFactoryInitiator    : HHH000026: Second-level cache disabled
2025-10-29T21:44:44.701-07:00  INFO 8997 --- [Vehicle-OOPS] [restartedMain] o.s.o.j.p.SpringPersistenceUnitInfo      : No LoadTimeWeaver setup: ignoring JPA class transformer
2025-10-29T21:44:44.702-07:00  INFO 8997 --- [Vehicle-OOPS] [restartedMain] com.zaxxer.hikari.HikariDataSource       : HikariPool-4 - Starting...
2025-10-29T21:44:44.703-07:00  INFO 8997 --- [Vehicle-OOPS] [restartedMain] com.zaxxer.hikari.pool.HikariPool        : HikariPool-4 - Added connection conn40: url=jdbc:h2:mem:vehdb user=SA
2025-10-29T21:44:44.703-07:00  INFO 8997 --- [Vehicle-OOPS] [restartedMain] com.zaxxer.hikari.HikariDataSource       : HikariPool-4 - Start completed.
2025-10-29T21:44:44.703-07:00  INFO 8997 --- [Vehicle-OOPS] [restartedMain] org.hibernate.orm.connections.pooling    : HHH10001005: Database info:
	Database JDBC URL [Connecting through datasource 'HikariDataSource (HikariPool-4)']
	Database driver: undefined/unknown
	Database version: 2.3.232
	Autocommit mode: undefined/unknown
	Isolation level: undefined/unknown
	Minimum pool size: undefined/unknown
	Maximum pool size: undefined/unknown
2025-10-29T21:44:44.732-07:00  INFO 8997 --- [Vehicle-OOPS] [restartedMain] o.h.e.t.j.p.i.JtaPlatformInitiator       : HHH000489: No JTA platform available (set 'hibernate.transaction.jta.platform' to enable JTA platform integration)
2025-10-29T21:44:44.734-07:00  INFO 8997 --- [Vehicle-OOPS] [restartedMain] j.LocalContainerEntityManagerFactoryBean : Initialized JPA EntityManagerFactory for persistence unit 'default'
2025-10-29T21:44:44.761-07:00  WARN 8997 --- [Vehicle-OOPS] [restartedMain] JpaBaseConfiguration$JpaWebConfiguration : spring.jpa.open-in-view is enabled by default. Therefore, database queries may be performed during view rendering. Explicitly configure spring.jpa.open-in-view to disable this warning
2025-10-29T21:44:44.800-07:00  INFO 8997 --- [Vehicle-OOPS] [restartedMain] o.s.b.a.h2.H2ConsoleAutoConfiguration    : H2 console available at '/h2-console'. Database available at 'jdbc:h2:mem:vehdb'
2025-10-29T21:44:44.807-07:00  INFO 8997 --- [Vehicle-OOPS] [restartedMain] o.s.b.d.a.OptionalLiveReloadServer       : LiveReload server is running on port 35729
2025-10-29T21:44:44.993-07:00  INFO 8997 --- [Vehicle-OOPS] [restartedMain] o.s.b.w.embedded.tomcat.TomcatWebServer  : Tomcat started on port 8080 (http) with context path '/'
2025-10-29T21:44:44.997-07:00  INFO 8997 --- [Vehicle-OOPS] [restartedMain] com.synex.VehicleOopsApplication         : Started VehicleOopsApplication in 0.437 seconds (process running for 2793.486)
2025-10-29T21:44:45.043-07:00  INFO 8997 --- [Vehicle-OOPS] [restartedMain] com.synex.VehicleOopsApplication         : Seeding initial data
2025-10-29T21:44:45.055-07:00  INFO 8997 --- [Vehicle-OOPS] [restartedMain] com.synex.VehicleOopsApplication         : Seeded 4 vehicles
2025-10-29T21:44:45.056-07:00  INFO 8997 --- [Vehicle-OOPS] [restartedMain] .ConditionEvaluationDeltaLoggingListener : Condition evaluation unchanged
